<?xml version="1.0" encoding="UTF-8"?>
<!-- Generated by org.testng.reporters.JUnitReportReporter -->
<testsuite skipped="0" hostname="LAPTOP-2CUQSPR5" name="Resurrection_JAVAPGMS.Resurrection_JAVAPGMS.ReverseCheckStringbuffer" tests="1" failures="0" timestamp="2021-12-03T17:27:04 IST" time="0.020" errors="0">
  <testcase name="Test" time="0.020" classname="Resurrection_JAVAPGMS.Resurrection_JAVAPGMS.ReverseCheckStringbuffer"/>
  <system-out/>
</testsuite> <!-- Resurrection_JAVAPGMS.Resurrection_JAVAPGMS.ReverseCheckStringbuffer -->
