<?xml version="1.0" encoding="UTF-8"?>
<!-- Generated by org.testng.reporters.JUnitReportReporter -->
<testsuite skipped="0" hostname="LAPTOP-2CUQSPR5" name="Searches.Binarysearch" tests="1" failures="0" timestamp="2021-12-27T20:55:43 IST" time="0.031" errors="0">
  <testcase name="prac" time="0.031" classname="Searches.Binarysearch"/>
  <system-out/>
</testsuite> <!-- Searches.Binarysearch -->
