<?xml version="1.0" encoding="UTF-8"?>
<!-- Generated by org.testng.reporters.JUnitReportReporter -->
<testsuite skipped="0" hostname="LAPTOP-2CUQSPR5" name="Resurrection_JAVAPGMS.Resurrection_JAVAPGMS.SwapStrings" tests="2" failures="0" timestamp="2021-11-27T21:29:28 IST" time="0.023" errors="0">
  <testcase name="SwapString2" time="0.004" classname="Resurrection_JAVAPGMS.Resurrection_JAVAPGMS.SwapStrings"/>
  <system-out/>
  <testcase name="SwapString" time="0.019" classname="Resurrection_JAVAPGMS.Resurrection_JAVAPGMS.SwapStrings"/>
  <system-out/>
</testsuite> <!-- Resurrection_JAVAPGMS.Resurrection_JAVAPGMS.SwapStrings -->
