<?xml version="1.0" encoding="UTF-8"?>
<!-- Generated by org.testng.reporters.JUnitReportReporter -->
<testsuite skipped="0" hostname="LAPTOP-2CUQSPR5" name="Resurrection_JAVAPGMS.Resurrection_JAVAPGMS.Fibonacci" tests="1" failures="0" timestamp="2021-12-28T08:35:41 IST" time="0.042" errors="0">
  <testcase name="prac" time="0.042" classname="Resurrection_JAVAPGMS.Resurrection_JAVAPGMS.Fibonacci"/>
  <system-out/>
</testsuite> <!-- Resurrection_JAVAPGMS.Resurrection_JAVAPGMS.Fibonacci -->
