<?xml version="1.0" encoding="UTF-8"?>
<!-- Generated by org.testng.reporters.JUnitReportReporter -->
<testsuite skipped="0" hostname="LAPTOP-2CUQSPR5" name="ArrayPgms.SecondinAray" tests="1" failures="0" timestamp="2021-12-28T18:07:51 IST" time="0.025" errors="0">
  <testcase name="prac" time="0.025" classname="ArrayPgms.SecondinAray"/>
  <system-out/>
</testsuite> <!-- ArrayPgms.SecondinAray -->
