<?xml version="1.0" encoding="UTF-8"?>
<!-- Generated by org.testng.reporters.JUnitReportReporter -->
<testsuite skipped="0" hostname="LAPTOP-2CUQSPR5" name="patterns.Pattern1" tests="1" failures="0" timestamp="2021-12-20T12:35:15 IST" time="0.022" errors="0">
  <testcase name="patter1" time="0.022" classname="patterns.Pattern1"/>
  <system-out/>
</testsuite> <!-- patterns.Pattern1 -->
