<?xml version="1.0" encoding="UTF-8"?>
<!-- Generated by org.testng.reporters.JUnitReportReporter -->
<testsuite skipped="0" hostname="LAPTOP-2CUQSPR5" name="Resurrection_JAVAPGMS.Resurrection_JAVAPGMS.ReverseStringWithRecursion" tests="1" failures="0" timestamp="2021-12-09T16:03:13 IST" time="0.017" errors="0">
  <testcase name="Recursion" time="0.017" classname="Resurrection_JAVAPGMS.Resurrection_JAVAPGMS.ReverseStringWithRecursion"/>
  <system-out/>
</testsuite> <!-- Resurrection_JAVAPGMS.Resurrection_JAVAPGMS.ReverseStringWithRecursion -->
