<?xml version="1.0" encoding="UTF-8"?>
<!-- Generated by org.testng.reporters.JUnitReportReporter -->
<testsuite skipped="0" hostname="LAPTOP-2CUQSPR5" name="Resurrection_JAVAPGMS.Resurrection_JAVAPGMS.DiviDeStringIntoNPart" tests="1" failures="0" timestamp="2021-12-27T22:42:49 IST" time="0.032" errors="0">
  <testcase name="prac" time="0.032" classname="Resurrection_JAVAPGMS.Resurrection_JAVAPGMS.DiviDeStringIntoNPart"/>
  <system-out/>
</testsuite> <!-- Resurrection_JAVAPGMS.Resurrection_JAVAPGMS.DiviDeStringIntoNPart -->
