<?xml version="1.0" encoding="UTF-8"?>
<!-- Generated by org.testng.reporters.JUnitReportReporter -->
<testsuite skipped="0" hostname="LAPTOP-2CUQSPR5" name="Resurrection_JAVAPGMS.Resurrection_JAVAPGMS.PalindromeShilpa02088" tests="1" failures="0" timestamp="2021-12-09T17:07:55 IST" time="0.019" errors="0">
  <testcase name="Test" time="0.019" classname="Resurrection_JAVAPGMS.Resurrection_JAVAPGMS.PalindromeShilpa02088"/>
  <system-out/>
</testsuite> <!-- Resurrection_JAVAPGMS.Resurrection_JAVAPGMS.PalindromeShilpa02088 -->
