<?xml version="1.0" encoding="UTF-8"?>
<!-- Generated by org.testng.reporters.JUnitReportReporter -->
<testsuite skipped="0" hostname="LAPTOP-2CUQSPR5" name="Resurrection_JAVAPGMS.Resurrection_JAVAPGMS.RemoveExraWhiteSpace" tests="1" failures="0" timestamp="2021-11-30T14:09:01 IST" time="0.021" errors="0">
  <testcase name="RemoveSpace" time="0.021" classname="Resurrection_JAVAPGMS.Resurrection_JAVAPGMS.RemoveExraWhiteSpace"/>
  <system-out/>
</testsuite> <!-- Resurrection_JAVAPGMS.Resurrection_JAVAPGMS.RemoveExraWhiteSpace -->
