<?xml version="1.0" encoding="UTF-8"?>
<!-- Generated by org.testng.reporters.JUnitReportReporter -->
<testsuite skipped="0" hostname="LAPTOP-2CUQSPR5" name="Resurrection_JAVAPGMS.Resurrection_JAVAPGMS.Add9Till99" tests="1" failures="0" timestamp="2021-12-03T19:54:46 IST" time="104.291" errors="0">
  <testcase name="Test" time="104.291" classname="Resurrection_JAVAPGMS.Resurrection_JAVAPGMS.Add9Till99"/>
  <system-out/>
</testsuite> <!-- Resurrection_JAVAPGMS.Resurrection_JAVAPGMS.Add9Till99 -->
