<?xml version="1.0" encoding="UTF-8"?>
<!-- Generated by org.testng.reporters.JUnitReportReporter -->
<testsuite skipped="0" hostname="LAPTOP-2CUQSPR5" name="Resurrection_JAVAPGMS.Resurrection_JAVAPGMS.StrigAnagram" tests="1" failures="0" timestamp="2021-11-27T17:15:00 IST" time="0.023" errors="0">
  <testcase name="Anagram" time="0.023" classname="Resurrection_JAVAPGMS.Resurrection_JAVAPGMS.StrigAnagram"/>
  <system-out/>
</testsuite> <!-- Resurrection_JAVAPGMS.Resurrection_JAVAPGMS.StrigAnagram -->
