<?xml version="1.0" encoding="UTF-8"?>
<!-- Generated by org.testng.reporters.JUnitReportReporter -->
<testsuite skipped="0" hostname="LAPTOP-2CUQSPR5" name="leetcodeapps.ArrayTwoSum" tests="2" failures="0" timestamp="2021-12-18T09:27:28 IST" time="0.028" errors="0">
  <testcase name="Hashmap" time="0.024" classname="leetcodeapps.ArrayTwoSum"/>
  <system-out/>
  <testcase name="twosumbruteforce" time="0.004" classname="leetcodeapps.ArrayTwoSum"/>
  <system-out/>
</testsuite> <!-- leetcodeapps.ArrayTwoSum -->
