<?xml version="1.0" encoding="UTF-8"?>
<!-- Generated by org.testng.reporters.JUnitReportReporter -->
<testsuite skipped="0" hostname="LAPTOP-2CUQSPR5" name="Resurrection_JAVAPGMS.Resurrection_JAVAPGMS.ArrangeStringInDescendingOrder" tests="1" failures="0" timestamp="2021-12-26T20:20:35 IST" time="0.024" errors="0">
  <testcase name="Method2" time="0.024" classname="Resurrection_JAVAPGMS.Resurrection_JAVAPGMS.ArrangeStringInDescendingOrder"/>
  <system-out/>
</testsuite> <!-- Resurrection_JAVAPGMS.Resurrection_JAVAPGMS.ArrangeStringInDescendingOrder -->
