<?xml version="1.0" encoding="UTF-8"?>
<!-- Generated by org.testng.reporters.JUnitReportReporter -->
<testsuite skipped="0" hostname="LAPTOP-2CUQSPR5" name="patterns.LeftTriangle" tests="1" failures="0" timestamp="2021-12-20T13:07:55 IST" time="0.024" errors="0">
  <testcase name="LeftTriangle" time="0.024" classname="patterns.LeftTriangle"/>
  <system-out/>
</testsuite> <!-- patterns.LeftTriangle -->
