<?xml version="1.0" encoding="UTF-8"?>
<!-- Generated by org.testng.reporters.JUnitReportReporter -->
<testsuite skipped="0" hostname="LAPTOP-2CUQSPR5" name="Resurrection_JAVAPGMS.Resurrection_JAVAPGMS.SmellestBiggestPalindrome" tests="1" failures="0" timestamp="2021-12-09T12:18:42 IST" time="0.016" errors="0">
  <testcase name="demo" time="0.016" classname="Resurrection_JAVAPGMS.Resurrection_JAVAPGMS.SmellestBiggestPalindrome"/>
  <system-out/>
</testsuite> <!-- Resurrection_JAVAPGMS.Resurrection_JAVAPGMS.SmellestBiggestPalindrome -->
