<?xml version="1.0" encoding="UTF-8"?>
<!-- Generated by org.testng.reporters.JUnitReportReporter -->
<testsuite skipped="0" hostname="LAPTOP-2CUQSPR5" name="Resurrection_JAVAPGMS.Resurrection_JAVAPGMS.ArrayMissingNumber" tests="1" failures="0" timestamp="2021-12-28T09:12:58 IST" time="0.048" errors="0">
  <testcase name="Prac" time="0.048" classname="Resurrection_JAVAPGMS.Resurrection_JAVAPGMS.ArrayMissingNumber"/>
  <system-out/>
</testsuite> <!-- Resurrection_JAVAPGMS.Resurrection_JAVAPGMS.ArrayMissingNumber -->
