<?xml version="1.0" encoding="UTF-8"?>
<!-- Generated by org.testng.reporters.JUnitReportReporter -->
<testsuite skipped="0" hostname="LAPTOP-2CUQSPR5" name="Resurrection_JAVAPGMS.Resurrection_JAVAPGMS.StringMaximumMinimumOccuringcharacter" tests="1" failures="0" timestamp="2021-12-08T10:05:00 IST" time="0.031" errors="0">
  <testcase name="Test" time="0.031" classname="Resurrection_JAVAPGMS.Resurrection_JAVAPGMS.StringMaximumMinimumOccuringcharacter"/>
  <system-out/>
</testsuite> <!-- Resurrection_JAVAPGMS.Resurrection_JAVAPGMS.StringMaximumMinimumOccuringcharacter -->
