<?xml version="1.0" encoding="UTF-8"?>
<!-- Generated by org.testng.reporters.JUnitReportReporter -->
<testsuite skipped="0" hostname="LAPTOP-2CUQSPR5" name="leetcodeapps.ReverseArray" tests="1" failures="0" timestamp="2021-12-26T22:30:43 IST" time="0.028" errors="0">
  <testcase name="Prac" time="0.028" classname="leetcodeapps.ReverseArray"/>
  <system-out/>
</testsuite> <!-- leetcodeapps.ReverseArray -->
