<?xml version="1.0" encoding="UTF-8"?>
<!-- Generated by org.testng.reporters.JUnitReportReporter -->
<testsuite skipped="0" hostname="LAPTOP-2CUQSPR5" name="Resurrection_JAVAPGMS.Resurrection_JAVAPGMS.DiviSorOfNum" tests="1" failures="0" timestamp="2021-11-30T18:43:32 IST" time="0.022" errors="0">
  <testcase name="test" time="0.022" classname="Resurrection_JAVAPGMS.Resurrection_JAVAPGMS.DiviSorOfNum"/>
  <system-out/>
</testsuite> <!-- Resurrection_JAVAPGMS.Resurrection_JAVAPGMS.DiviSorOfNum -->
