<?xml version="1.0" encoding="UTF-8"?>
<!-- Generated by org.testng.reporters.JUnitReportReporter -->
<testsuite skipped="0" hostname="LAPTOP-2CUQSPR5" name="Resurrection_JAVAPGMS.Resurrection_JAVAPGMS.ReversePostionOfwordsInString" tests="1" failures="0" timestamp="2021-11-30T18:08:16 IST" time="0.024" errors="0">
  <testcase name="test" time="0.024" classname="Resurrection_JAVAPGMS.Resurrection_JAVAPGMS.ReversePostionOfwordsInString"/>
  <system-out/>
</testsuite> <!-- Resurrection_JAVAPGMS.Resurrection_JAVAPGMS.ReversePostionOfwordsInString -->
