<?xml version="1.0" encoding="UTF-8"?>
<!-- Generated by org.testng.reporters.JUnitReportReporter -->
<testsuite skipped="0" hostname="LAPTOP-2CUQSPR5" name="Resurrection_JAVAPGMS.Resurrection_JAVAPGMS.DuplcateInArray" tests="1" failures="0" timestamp="2021-12-04T20:54:35 IST" time="0.018" errors="0">
  <testcase name="dupl" time="0.018" classname="Resurrection_JAVAPGMS.Resurrection_JAVAPGMS.DuplcateInArray"/>
  <system-out/>
</testsuite> <!-- Resurrection_JAVAPGMS.Resurrection_JAVAPGMS.DuplcateInArray -->
