<?xml version="1.0" encoding="UTF-8"?>
<!-- Generated by org.testng.reporters.JUnitReportReporter -->
<testsuite skipped="0" hostname="LAPTOP-2CUQSPR5" name="Resurrection_JAVAPGMS.Resurrection_JAVAPGMS.DistinctcharsInString" tests="1" failures="0" timestamp="2021-12-26T21:01:49 IST" time="0.031" errors="0">
  <testcase name="dummy" time="0.031" classname="Resurrection_JAVAPGMS.Resurrection_JAVAPGMS.DistinctcharsInString"/>
  <system-out/>
</testsuite> <!-- Resurrection_JAVAPGMS.Resurrection_JAVAPGMS.DistinctcharsInString -->
