<?xml version="1.0" encoding="UTF-8"?>
<!-- Generated by org.testng.reporters.JUnitReportReporter -->
<testsuite skipped="0" hostname="LAPTOP-2CUQSPR5" name="Resurrection_JAVAPGMS.Resurrection_JAVAPGMS.OccuranceOfEachcharsWithoutIteration" tests="1" failures="0" timestamp="2021-11-30T11:34:22 IST" time="161.318" errors="0">
  <testcase name="Test" time="161.318" classname="Resurrection_JAVAPGMS.Resurrection_JAVAPGMS.OccuranceOfEachcharsWithoutIteration"/>
  <system-out/>
</testsuite> <!-- Resurrection_JAVAPGMS.Resurrection_JAVAPGMS.OccuranceOfEachcharsWithoutIteration -->
