<?xml version="1.0" encoding="UTF-8"?>
<!-- Generated by org.testng.reporters.JUnitReportReporter -->
<testsuite skipped="0" hostname="LAPTOP-2CUQSPR5" name="patterns.RightTriangle" tests="1" failures="0" timestamp="2021-12-31T22:04:50 IST" time="0.018" errors="0">
  <testcase name="LeftTriangle" time="0.018" classname="patterns.RightTriangle"/>
  <system-out/>
</testsuite> <!-- patterns.RightTriangle -->
