<?xml version="1.0" encoding="UTF-8"?>
<!-- Generated by org.testng.reporters.JUnitReportReporter -->
<testsuite skipped="0" hostname="LAPTOP-2CUQSPR5" name="Resurrection_JAVAPGMS.Resurrection_JAVAPGMS.InsertStringAtIndex" tests="1" failures="0" timestamp="2021-11-27T20:39:35 IST" time="0.026" errors="0">
  <testcase name="method1" time="0.026" classname="Resurrection_JAVAPGMS.Resurrection_JAVAPGMS.InsertStringAtIndex"/>
  <system-out/>
</testsuite> <!-- Resurrection_JAVAPGMS.Resurrection_JAVAPGMS.InsertStringAtIndex -->
