<?xml version="1.0" encoding="UTF-8"?>
<!-- Generated by org.testng.reporters.JUnitReportReporter -->
<testsuite skipped="0" hostname="LAPTOP-2CUQSPR5" name="Resurrection_JAVAPGMS.Resurrection_JAVAPGMS.NumberPalindrome" tests="1" failures="0" timestamp="2021-12-26T22:18:36 IST" time="0.025" errors="0">
  <testcase name="Reverse" time="0.025" classname="Resurrection_JAVAPGMS.Resurrection_JAVAPGMS.NumberPalindrome"/>
  <system-out/>
</testsuite> <!-- Resurrection_JAVAPGMS.Resurrection_JAVAPGMS.NumberPalindrome -->
