<?xml version="1.0" encoding="UTF-8"?>
<!-- Generated by org.testng.reporters.JUnitReportReporter -->
<testsuite skipped="0" hostname="LAPTOP-2CUQSPR5" name="leetcodeapps.Testde" tests="1" failures="0" timestamp="2021-12-18T09:47:39 IST" time="0.020" errors="0">
  <testcase name="test" time="0.020" classname="leetcodeapps.Testde"/>
  <system-out/>
</testsuite> <!-- leetcodeapps.Testde -->
