<?xml version="1.0" encoding="UTF-8"?>
<!-- Generated by org.testng.reporters.JUnitReportReporter -->
<testsuite skipped="0" hostname="LAPTOP-2CUQSPR5" name="Resurrection_JAVAPGMS.Resurrection_JAVAPGMS.FirstNonRepeatingCharinString" tests="1" failures="0" timestamp="2021-12-26T23:03:18 IST" time="0.021" errors="0">
  <testcase name="demo" time="0.021" classname="Resurrection_JAVAPGMS.Resurrection_JAVAPGMS.FirstNonRepeatingCharinString"/>
  <system-out/>
</testsuite> <!-- Resurrection_JAVAPGMS.Resurrection_JAVAPGMS.FirstNonRepeatingCharinString -->
