<?xml version="1.0" encoding="UTF-8"?>
<!-- Generated by org.testng.reporters.JUnitReportReporter -->
<testsuite skipped="0" hostname="LAPTOP-2CUQSPR5" name="Resurrection_JAVAPGMS.Resurrection_JAVAPGMS.SwapIntegersWithoutthird" tests="1" failures="0" timestamp="2021-12-03T01:35:55 IST" time="0.018" errors="0">
  <testcase name="Swap" time="0.018" classname="Resurrection_JAVAPGMS.Resurrection_JAVAPGMS.SwapIntegersWithoutthird"/>
  <system-out/>
</testsuite> <!-- Resurrection_JAVAPGMS.Resurrection_JAVAPGMS.SwapIntegersWithoutthird -->
