<?xml version="1.0" encoding="UTF-8"?>
<!-- Generated by org.testng.reporters.JUnitReportReporter -->
<testsuite skipped="0" hostname="LAPTOP-2CUQSPR5" name="Resurrection_JAVAPGMS.Resurrection_JAVAPGMS.DistinctcharsInString" tests="1" failures="0" timestamp="2021-11-28T14:03:10 IST" time="0.019" errors="0">
  <testcase name="Test" time="0.019" classname="Resurrection_JAVAPGMS.Resurrection_JAVAPGMS.DistinctcharsInString"/>
  <system-out/>
</testsuite> <!-- Resurrection_JAVAPGMS.Resurrection_JAVAPGMS.DistinctcharsInString -->
