<?xml version="1.0" encoding="UTF-8"?>
<!-- Generated by org.testng.reporters.JUnitReportReporter -->
<testsuite skipped="0" hostname="LAPTOP-2CUQSPR5" name="Resurrection_JAVAPGMS.Resurrection_JAVAPGMS.CommonCharsInTwoStrings" tests="1" failures="0" timestamp="2021-11-28T11:43:50 IST" time="0.027" errors="0">
  <testcase name="CollectionApproach" time="0.027" classname="Resurrection_JAVAPGMS.Resurrection_JAVAPGMS.CommonCharsInTwoStrings"/>
  <system-out/>
</testsuite> <!-- Resurrection_JAVAPGMS.Resurrection_JAVAPGMS.CommonCharsInTwoStrings -->
