<?xml version="1.0" encoding="UTF-8"?>
<!-- Generated by org.testng.reporters.JUnitReportReporter -->
<testsuite skipped="0" hostname="LAPTOP-2CUQSPR5" name="Resurrection_JAVAPGMS.Resurrection_JAVAPGMS.DiviDeStringIntoNPart" tests="2" failures="0" timestamp="2021-12-07T20:21:42 IST" time="0.021" errors="0">
  <testcase name="NParts" time="0.017" classname="Resurrection_JAVAPGMS.Resurrection_JAVAPGMS.DiviDeStringIntoNPart"/>
  <system-out/>
  <testcase name="Substring" time="0.004" classname="Resurrection_JAVAPGMS.Resurrection_JAVAPGMS.DiviDeStringIntoNPart"/>
  <system-out/>
</testsuite> <!-- Resurrection_JAVAPGMS.Resurrection_JAVAPGMS.DiviDeStringIntoNPart -->
